Using pre-set license
Built from '2020.3/china_unity/release' branch; Version is '2020.3.30f1c1 (b9cd9c36b8f8) revision 12176796'; Using compiler version '192528614'; Build Type 'Release'
OS: 'Windows 10  (10.0.18363) 64bit Enterprise' Language: 'zh' Physical Memory: 16263 MB
BatchMode: 1, IsHumanControllingUs: 0, StartBugReporterOnCrash: 0, Is64bit: 1, IsPro: 0

COMMAND LINE ARGUMENTS:
C:\Program Files\Unity\Hub\Editor\2020.3.30f1c1\Editor\Unity.exe
-adb2
-batchMode
-noUpm
-name
AssetImportWorker0
-projectPath
D:/Data/ShaderDemo
-logFile
Logs/AssetImportWorker0.log
-srvPort
61904
Successfully changed project path to: D:/Data/ShaderDemo
D:/Data/ShaderDemo
Using Asset Import Pipeline V2.
AS: AutoStreaming module initializing.Refreshing native plugins compatible for Editor in 34.82 ms, found 2 plugins.
Preloading 0 native plugins for Editor in 0.00 ms.
Initialize engine version: 2020.3.30f1c1 (b9cd9c36b8f8)
[Subsystems] Discovering subsystems at path C:/Program Files/Unity/Hub/Editor/2020.3.30f1c1/Editor/Data/Resources/UnitySubsystems
[Subsystems] Discovering subsystems at path D:/Data/ShaderDemo/Assets
GfxDevice: creating device client; threaded=0
Direct3D:
    Version:  Direct3D 11.0 [level 11.1]
    Renderer: NVIDIA GeForce GTX 1050 Ti (ID=0x1c82)
    Vendor:   
    VRAM:     4018 MB
    Driver:   24.21.13.9836
Initialize mono
Mono path[0] = 'C:/Program Files/Unity/Hub/Editor/2020.3.30f1c1/Editor/Data/Managed'
Mono path[1] = 'C:/Program Files/Unity/Hub/Editor/2020.3.30f1c1/Editor/Data/MonoBleedingEdge/lib/mono/unityjit'
Mono config path = 'C:/Program Files/Unity/Hub/Editor/2020.3.30f1c1/Editor/Data/MonoBleedingEdge/etc'
Using monoOptions --debugger-agent=transport=dt_socket,embedding=1,server=y,suspend=n,address=127.0.0.1:56028
Begin MonoManager ReloadAssembly
Registering precompiled unity dll's ...
Register platform support module: C:/Program Files/Unity/Hub/Editor/2020.3.30f1c1/Editor/Data/PlaybackEngines/WindowsStandaloneSupport/UnityEditor.WindowsStandalone.Extensions.dll
Registered in 0.000940 seconds.
Native extension for WindowsStandalone target not found
Refreshing native plugins compatible for Editor in 32.23 ms, found 2 plugins.
Preloading 0 native plugins for Editor in 0.00 ms.
Mono: successfully reloaded assembly
- Completed reload, in  0.589 seconds
Domain Reload Profiling:
	ReloadAssembly (590ms)
		BeginReloadAssembly (59ms)
			ExecutionOrderSort (0ms)
			DisableScriptedObjects (0ms)
			BackupInstance (0ms)
			ReleaseScriptingObjects (0ms)
			CreateAndSetChildDomain (1ms)
		EndReloadAssembly (461ms)
			LoadAssemblies (58ms)
			RebuildTransferFunctionScriptingTraits (0ms)
			SetupTypeCache (159ms)
			ReleaseScriptCaches (0ms)
			RebuildScriptCaches (38ms)
			SetupLoadedEditorAssemblies (165ms)
				LogAssemblyErrors (0ms)
				InitializePlatformSupportModulesInManaged (5ms)
				SetLoadedEditorAssemblies (0ms)
				RefreshPlugins (32ms)
				BeforeProcessingInitializeOnLoad (17ms)
				ProcessInitializeOnLoadAttributes (82ms)
				ProcessInitializeOnLoadMethodAttributes (28ms)
				AfterProcessingInitializeOnLoad (0ms)
				EditorAssembliesLoaded (0ms)
			ExecutionOrderSort2 (0ms)
			AwakeInstancesAfterBackupRestoration (0ms)
Platform modules already initialized, skipping
Registering precompiled user dll's ...
Registered in 0.001630 seconds.
Begin MonoManager ReloadAssembly
Native extension for WindowsStandalone target not found
Refreshing native plugins compatible for Editor in 0.30 ms, found 2 plugins.
Preloading 0 native plugins for Editor in 0.00 ms.
Mono: successfully reloaded assembly
- Completed reload, in  1.125 seconds
Domain Reload Profiling:
	ReloadAssembly (1126ms)
		BeginReloadAssembly (149ms)
			ExecutionOrderSort (0ms)
			DisableScriptedObjects (5ms)
			BackupInstance (0ms)
			ReleaseScriptingObjects (0ms)
			CreateAndSetChildDomain (20ms)
		EndReloadAssembly (919ms)
			LoadAssemblies (165ms)
			RebuildTransferFunctionScriptingTraits (0ms)
			SetupTypeCache (279ms)
			ReleaseScriptCaches (0ms)
			RebuildScriptCaches (53ms)
			SetupLoadedEditorAssemblies (330ms)
				LogAssemblyErrors (0ms)
				InitializePlatformSupportModulesInManaged (4ms)
				SetLoadedEditorAssemblies (0ms)
				RefreshPlugins (0ms)
				BeforeProcessingInitializeOnLoad (80ms)
				ProcessInitializeOnLoadAttributes (232ms)
				ProcessInitializeOnLoadMethodAttributes (10ms)
				AfterProcessingInitializeOnLoad (2ms)
				EditorAssembliesLoaded (0ms)
			ExecutionOrderSort2 (0ms)
			AwakeInstancesAfterBackupRestoration (7ms)
Platform modules already initialized, skipping
========================================================================
Worker process is ready to serve import requests
Launched and connected shader compiler UnityShaderCompiler.exe after 0.05 seconds
Refreshing native plugins compatible for Editor in 0.52 ms, found 2 plugins.
Preloading 0 native plugins for Editor in 0.00 ms.
Unloading 1512 Unused Serialized files (Serialized files now loaded: 0)
System memory in use before: 70.7 MB.
System memory in use after: 70.8 MB.

Unloading 16 unused Assets to reduce memory usage. Loaded Objects now: 1951.
Total: 2.799600 ms (FindLiveObjects: 0.127900 ms CreateObjectMapping: 0.042900 ms MarkObjects: 2.530300 ms  DeleteObjects: 0.097700 ms)

AssetImportParameters requested are different than current active one (requested -> active):
  custom:framework-win-MediaFoundation: 216162199b28c13a410421893ffa2e32 -> 
  custom:video-decoder-ogg-theora: a1e56fd34408186e4bbccfd4996cb3dc -> 
  custom:container-muxer-webm: aa71ff27fc2769a1b78a27578f13a17b -> 
  custom:container-demuxer-webm: 4f35f7cbe854078d1ac9338744f61a02 -> 
  custom:container-demuxer-ogg: 62fdf1f143b41e24485cea50d1cbac27 -> 
  custom:video-encoder-webm-vp8: eb34c28f22e8b96e1ab97ce403110664 -> 
  custom:video-decoder-webm-vp8: 9c59270c3fd7afecdb556c50c9e8de78 -> 
  custom:audio-decoder-ogg-vorbis: bf7c407c2cedff20999df2af8eb42d56 -> 
  custom:audio-encoder-webm-vorbis: bf7c407c2cedff20999df2af8eb42d56 -> 
========================================================================
Received Import Request.
  path: Assets/Scenes/ShaderStudy/Chapter6
  artifactKey: Guid(dd58ce2ad1f2fcd42b9b9e26cf794530) Importer(815301076,1909f56bfc062723c751e8b465ee728b)
Start importing Assets/Scenes/ShaderStudy/Chapter6 using Guid(dd58ce2ad1f2fcd42b9b9e26cf794530) Importer(815301076,1909f56bfc062723c751e8b465ee728b)  -> (artifact id: 'a1ab9106fe84cd8c7393498f8bb45b46') in 0.003512 seconds 
========================================================================
Received Import Request.
  Time since last request: 44.249196 seconds.
  path: Assets/Materials/Other/BookTurningEffect/BookTurningEffect.mat
  artifactKey: Guid(24c62c709b402dc4ca420996b882bcd8) Importer(815301076,1909f56bfc062723c751e8b465ee728b)
Start importing Assets/Materials/Other/BookTurningEffect/BookTurningEffect.mat using Guid(24c62c709b402dc4ca420996b882bcd8) Importer(815301076,1909f56bfc062723c751e8b465ee728b)  -> (artifact id: '9b804cb5cf9aefd605d2110d75925664') in 0.155101 seconds 
========================================================================
Received Import Request.
  Time since last request: 0.000248 seconds.
  path: Assets/Materials/ShaderStudy/Chapter3/Chapter3-ShaderLabProperties.mat
  artifactKey: Guid(a0248b80c3b2b3b41982215722916e8e) Importer(815301076,1909f56bfc062723c751e8b465ee728b)
Start importing Assets/Materials/ShaderStudy/Chapter3/Chapter3-ShaderLabProperties.mat using Guid(a0248b80c3b2b3b41982215722916e8e) Importer(815301076,1909f56bfc062723c751e8b465ee728b)  -> (artifact id: '92760bac7a791d3d67aa8702161bd6cf') in 0.029351 seconds 
========================================================================
Received Import Request.
  Time since last request: 0.000525 seconds.
  path: Assets/Materials/Other/XRay/XRay.mat
  artifactKey: Guid(12d368932b28eaf43bc040b190f19240) Importer(815301076,1909f56bfc062723c751e8b465ee728b)
Start importing Assets/Materials/Other/XRay/XRay.mat using Guid(12d368932b28eaf43bc040b190f19240) Importer(815301076,1909f56bfc062723c751e8b465ee728b)  -> (artifact id: '24247772eb879a8b40e0b7818080832f') in 0.052727 seconds 
========================================================================
Received Import Request.
  Time since last request: 0.000301 seconds.
  path: Assets/Materials/ShaderStudy/Chapter5/FalseColor.mat
  artifactKey: Guid(27d274e9a67339b46b29769b1159e70e) Importer(815301076,1909f56bfc062723c751e8b465ee728b)
Start importing Assets/Materials/ShaderStudy/Chapter5/FalseColor.mat using Guid(27d274e9a67339b46b29769b1159e70e) Importer(815301076,1909f56bfc062723c751e8b465ee728b)  -> (artifact id: '33db57706775ca2cc91dd6bce6603974') in 0.028467 seconds 
========================================================================
Received Import Request.
  Time since last request: 0.000441 seconds.
  path: Assets/Materials/Other/VolumeCloud/VolumeCloud.mat
  artifactKey: Guid(fee93655b25da1f4c8381dd60eca5c73) Importer(815301076,1909f56bfc062723c751e8b465ee728b)
Start importing Assets/Materials/Other/VolumeCloud/VolumeCloud.mat using Guid(fee93655b25da1f4c8381dd60eca5c73) Importer(815301076,1909f56bfc062723c751e8b465ee728b)  -> (artifact id: 'fe0b83a5063dbd4a597db3dc7419ea53') in 0.063563 seconds 
========================================================================
Received Import Request.
  Time since last request: 0.000314 seconds.
  path: Assets/Materials/Other/CutEffect/CutEffect.mat
  artifactKey: Guid(09f68aef2f8adb74694b172cdbfe3b9d) Importer(815301076,1909f56bfc062723c751e8b465ee728b)
Start importing Assets/Materials/Other/CutEffect/CutEffect.mat using Guid(09f68aef2f8adb74694b172cdbfe3b9d) Importer(815301076,1909f56bfc062723c751e8b465ee728b)  -> (artifact id: 'd51ff002dc29e786bc03a8d16e0d2908') in 0.148796 seconds 
========================================================================
Received Import Request.
  Time since last request: 0.000256 seconds.
  path: Assets/Materials/ShaderStudy/Chapter5/SimpleShaderMat.mat
  artifactKey: Guid(748fcadc582b03449af34453815469f3) Importer(815301076,1909f56bfc062723c751e8b465ee728b)
Start importing Assets/Materials/ShaderStudy/Chapter5/SimpleShaderMat.mat using Guid(748fcadc582b03449af34453815469f3) Importer(815301076,1909f56bfc062723c751e8b465ee728b)  -> (artifact id: '0f17f6a594ae44f965333598e49748c9') in 0.017134 seconds 
========================================================================
Received Import Request.
  Time since last request: 0.000244 seconds.
  path: Assets/Materials/ShaderStudy/Chapter12/Chapter12-BrightnessSaturationAndContrast.mat
  artifactKey: Guid(0222f81f0a86c08488114be9a21c41b2) Importer(815301076,1909f56bfc062723c751e8b465ee728b)
Start importing Assets/Materials/ShaderStudy/Chapter12/Chapter12-BrightnessSaturationAndContrast.mat using Guid(0222f81f0a86c08488114be9a21c41b2) Importer(815301076,1909f56bfc062723c751e8b465ee728b)  -> (artifact id: '75eeeed80f7e0c4a52e1bd07b82d2ab6') in 0.017816 seconds 
========================================================================
Received Import Request.
  Time since last request: 17.784311 seconds.
  path: Assets/Materials/ShaderStudy/Chapter
  artifactKey: Guid(4af7b50b3ba4d80429871612f5874994) Importer(815301076,1909f56bfc062723c751e8b465ee728b)
Start importing Assets/Materials/ShaderStudy/Chapter using Guid(4af7b50b3ba4d80429871612f5874994) Importer(815301076,1909f56bfc062723c751e8b465ee728b)  -> (artifact id: '8127d26392e9fe45adc324886cc60f05') in 0.005289 seconds 
========================================================================
Received Import Request.
  Time since last request: 2.922691 seconds.
  path: Assets/Materials/ShaderStudy/Chapter6
  artifactKey: Guid(4af7b50b3ba4d80429871612f5874994) Importer(815301076,1909f56bfc062723c751e8b465ee728b)
Start importing Assets/Materials/ShaderStudy/Chapter6 using Guid(4af7b50b3ba4d80429871612f5874994) Importer(815301076,1909f56bfc062723c751e8b465ee728b)  -> (artifact id: 'bd455708f38561a3448ac24c6a734707') in 0.001074 seconds 
========================================================================
Received Import Request.
  Time since last request: 26.228482 seconds.
  path: Assets/Shader/ShaderStudy/Chapter6
  artifactKey: Guid(69a3a7d7456ad544280624765b4e5844) Importer(815301076,1909f56bfc062723c751e8b465ee728b)
Start importing Assets/Shader/ShaderStudy/Chapter6 using Guid(69a3a7d7456ad544280624765b4e5844) Importer(815301076,1909f56bfc062723c751e8b465ee728b)  -> (artifact id: '81bb0833f2f70c9d70f289ab07dbbe4a') in 0.001413 seconds 
========================================================================
Received Import Request.
  Time since last request: 18.768376 seconds.
  path: Assets/Shader/ShaderStudy/Chapter6/Chapter6-DiffuseVertexLevel.shader
  artifactKey: Guid(b09814b50d1455141abfa3374a472ba6) Importer(815301076,1909f56bfc062723c751e8b465ee728b)
Start importing Assets/Shader/ShaderStudy/Chapter6/Chapter6-DiffuseVertexLevel.shader using Guid(b09814b50d1455141abfa3374a472ba6) Importer(815301076,1909f56bfc062723c751e8b465ee728b)  -> (artifact id: 'b0b37dfd7d921b1b660bc41a3ab7ef45') in 0.102969 seconds 
========================================================================
Received Import Request.
  Time since last request: 35.639708 seconds.
  path: Assets/Shader/ShaderStudy/Chapter5/Chapter-FalseColor.shader
  artifactKey: Guid(bdfa34df37f98e84fb77adc6a79cf1ba) Importer(815301076,1909f56bfc062723c751e8b465ee728b)
Start importing Assets/Shader/ShaderStudy/Chapter5/Chapter-FalseColor.shader using Guid(bdfa34df37f98e84fb77adc6a79cf1ba) Importer(815301076,1909f56bfc062723c751e8b465ee728b)  -> (artifact id: '5703233c4f5e8cd80eec5d0b74b43146') in 0.002025 seconds 
========================================================================
Received Import Request.
  Time since last request: 11.447187 seconds.
  path: Assets/Shader/ShaderStudy/Chapter6/Chapter6-DiffuseVertexLevel.shader
  artifactKey: Guid(b09814b50d1455141abfa3374a472ba6) Importer(815301076,1909f56bfc062723c751e8b465ee728b)
Start importing Assets/Shader/ShaderStudy/Chapter6/Chapter6-DiffuseVertexLevel.shader using Guid(b09814b50d1455141abfa3374a472ba6) Importer(815301076,1909f56bfc062723c751e8b465ee728b)  -> (artifact id: 'd9ffc5924dfa2d75806992f3076e298e') in 0.005184 seconds 
========================================================================
Received Import Request.
  Time since last request: 5.851625 seconds.
  path: Assets/Shader/ShaderStudy/Chapter6/Chapter6-DiffuseVertexLevel.shader
  artifactKey: Guid(b09814b50d1455141abfa3374a472ba6) Importer(815301076,1909f56bfc062723c751e8b465ee728b)
Start importing Assets/Shader/ShaderStudy/Chapter6/Chapter6-DiffuseVertexLevel.shader using Guid(b09814b50d1455141abfa3374a472ba6) Importer(815301076,1909f56bfc062723c751e8b465ee728b)  -> (artifact id: '2e9522c378508484f35eaf83e582ba06') in 0.006065 seconds 
========================================================================
Received Import Request.
  Time since last request: 2527.920881 seconds.
  path: Assets/Shader/ShaderStudy/Chapter6/Chapter6-DiffuseVertexLevel.shader
  artifactKey: Guid(b09814b50d1455141abfa3374a472ba6) Importer(815301076,1909f56bfc062723c751e8b465ee728b)
Start importing Assets/Shader/ShaderStudy/Chapter6/Chapter6-DiffuseVertexLevel.shader using Guid(b09814b50d1455141abfa3374a472ba6) Importer(815301076,1909f56bfc062723c751e8b465ee728b)  -> (artifact id: 'a4a8a582059b74e29ef20e8663ff2931') in 0.018287 seconds 
========================================================================
Received Import Request.
  Time since last request: 2.810802 seconds.
  path: Assets/Shader/ShaderStudy/Chapter6/Chapter6-DiffuseVertexLevel 1.shader
  artifactKey: Guid(f0bdf4c0c8bb6b142a7298126e05272c) Importer(815301076,1909f56bfc062723c751e8b465ee728b)
Start importing Assets/Shader/ShaderStudy/Chapter6/Chapter6-DiffuseVertexLevel 1.shader using Guid(f0bdf4c0c8bb6b142a7298126e05272c) Importer(815301076,1909f56bfc062723c751e8b465ee728b)  -> (artifact id: '85217320826b0995da8c0a58b4b40d17') in 0.002783 seconds 
========================================================================
Received Import Request.
  Time since last request: 12.537710 seconds.
  path: Assets/Shader/ShaderStudy/Chapter6/Chapter6-DiffusePixeLexLevel.shader
  artifactKey: Guid(b09814b50d1455141abfa3374a472ba6) Importer(815301076,1909f56bfc062723c751e8b465ee728b)
Start importing Assets/Shader/ShaderStudy/Chapter6/Chapter6-DiffusePixeLexLevel.shader using Guid(b09814b50d1455141abfa3374a472ba6) Importer(815301076,1909f56bfc062723c751e8b465ee728b)  -> (artifact id: 'b70294c562c6dd8f0b9375300e2a466f') in 0.002439 seconds 
========================================================================
Received Import Request.
  Time since last request: 124.424843 seconds.
  path: Assets/Shader/ShaderStudy/Chapter6/Chapter6-DiffusePixeLexLevel.shader
  artifactKey: Guid(b09814b50d1455141abfa3374a472ba6) Importer(815301076,1909f56bfc062723c751e8b465ee728b)
Start importing Assets/Shader/ShaderStudy/Chapter6/Chapter6-DiffusePixeLexLevel.shader using Guid(b09814b50d1455141abfa3374a472ba6) Importer(815301076,1909f56bfc062723c751e8b465ee728b)  -> (artifact id: 'c9a1f7a689f05ea94d053d3b799c8681') in 0.006518 seconds 
========================================================================
Received Import Request.
  Time since last request: 67.899973 seconds.
  path: Assets/Shader/ShaderStudy/Chapter6/Chapter6-DiffusePixeLexLevel.shader
  artifactKey: Guid(b09814b50d1455141abfa3374a472ba6) Importer(815301076,1909f56bfc062723c751e8b465ee728b)
Start importing Assets/Shader/ShaderStudy/Chapter6/Chapter6-DiffusePixeLexLevel.shader using Guid(b09814b50d1455141abfa3374a472ba6) Importer(815301076,1909f56bfc062723c751e8b465ee728b)  -> (artifact id: '08d14c053f817e5ec702504371615a10') in 0.020438 seconds 
========================================================================
Received Import Request.
  Time since last request: 79.839778 seconds.
  path: Assets/Shader/ShaderStudy/Chapter6/Chapter6-DiffusePixeLevel.shader
  artifactKey: Guid(2e6e2ba2b1776bb4198f7e345cbed129) Importer(815301076,1909f56bfc062723c751e8b465ee728b)
Start importing Assets/Shader/ShaderStudy/Chapter6/Chapter6-DiffusePixeLevel.shader using Guid(2e6e2ba2b1776bb4198f7e345cbed129) Importer(815301076,1909f56bfc062723c751e8b465ee728b)  -> (artifact id: 'b9b1024fdb91f3cb9462801e82d59942') in 0.005892 seconds 
========================================================================
Received Import Request.
  Time since last request: 10.163968 seconds.
  path: Assets/Shader/ShaderStudy/Chapter6/Chapter6-DiffusePixeLevel.shader
  artifactKey: Guid(2e6e2ba2b1776bb4198f7e345cbed129) Importer(815301076,1909f56bfc062723c751e8b465ee728b)
Start importing Assets/Shader/ShaderStudy/Chapter6/Chapter6-DiffusePixeLevel.shader using Guid(2e6e2ba2b1776bb4198f7e345cbed129) Importer(815301076,1909f56bfc062723c751e8b465ee728b)  -> (artifact id: '2b0b4ded1af2537e37d1b549a818ac84') in 0.003694 seconds 
========================================================================
Received Import Request.
  Time since last request: 58.501836 seconds.
  path: Assets/Shader/ShaderStudy/Chapter6/Chapter6-DiffusePixeLevel.shader
  artifactKey: Guid(2e6e2ba2b1776bb4198f7e345cbed129) Importer(815301076,1909f56bfc062723c751e8b465ee728b)
Start importing Assets/Shader/ShaderStudy/Chapter6/Chapter6-DiffusePixeLevel.shader using Guid(2e6e2ba2b1776bb4198f7e345cbed129) Importer(815301076,1909f56bfc062723c751e8b465ee728b)  -> (artifact id: '066b1a215d6fa9f4a4532bbd72e0a9ac') in 0.008500 seconds 
========================================================================
Received Import Request.
  Time since last request: 105.981082 seconds.
  path: Assets/Shader/ShaderStudy/Chapter6/Chapter6-DiffusePixeLevel.shader
  artifactKey: Guid(2e6e2ba2b1776bb4198f7e345cbed129) Importer(815301076,1909f56bfc062723c751e8b465ee728b)
Start importing Assets/Shader/ShaderStudy/Chapter6/Chapter6-DiffusePixeLevel.shader using Guid(2e6e2ba2b1776bb4198f7e345cbed129) Importer(815301076,1909f56bfc062723c751e8b465ee728b)  -> (artifact id: '5e4afc1d82061b9aedeb6bc9ee1352cc') in 0.003344 seconds 
========================================================================
Received Import Request.
  Time since last request: 98.717460 seconds.
  path: Assets/Shader/ShaderStudy/Chapter6/Chapter6-DiffuseVertexLevel.shader
  artifactKey: Guid(f0bdf4c0c8bb6b142a7298126e05272c) Importer(815301076,1909f56bfc062723c751e8b465ee728b)
Start importing Assets/Shader/ShaderStudy/Chapter6/Chapter6-DiffuseVertexLevel.shader using Guid(f0bdf4c0c8bb6b142a7298126e05272c) Importer(815301076,1909f56bfc062723c751e8b465ee728b)  -> (artifact id: '8741be4824f60cb3b2ff5ca787f84351') in 0.002596 seconds 
AssetImportWorkerClient::OnTransportError - code=2 error=End of file
