Using pre-set license
Built from '2020.3/china_unity/release' branch; Version is '2020.3.30f1c1 (b9cd9c36b8f8) revision 12176796'; Using compiler version '192528614'; Build Type 'Release'
OS: 'Windows 10  (10.0.18363) 64bit Enterprise' Language: 'zh' Physical Memory: 16263 MB
BatchMode: 1, IsHumanControllingUs: 0, StartBugReporterOnCrash: 0, Is64bit: 1, IsPro: 0

COMMAND LINE ARGUMENTS:
C:\Program Files\Unity\Hub\Editor\2020.3.30f1c1\Editor\Unity.exe
-adb2
-batchMode
-noUpm
-name
AssetImportWorker0
-projectPath
D:/Data/ShaderDemo
-logFile
Logs/AssetImportWorker0.log
-srvPort
55734
Successfully changed project path to: D:/Data/ShaderDemo
D:/Data/ShaderDemo
Using Asset Import Pipeline V2.
AS: AutoStreaming module initializing.Refreshing native plugins compatible for Editor in 34.61 ms, found 2 plugins.
Preloading 0 native plugins for Editor in 0.00 ms.
Initialize engine version: 2020.3.30f1c1 (b9cd9c36b8f8)
[Subsystems] Discovering subsystems at path C:/Program Files/Unity/Hub/Editor/2020.3.30f1c1/Editor/Data/Resources/UnitySubsystems
[Subsystems] Discovering subsystems at path D:/Data/ShaderDemo/Assets
GfxDevice: creating device client; threaded=0
Direct3D:
    Version:  Direct3D 11.0 [level 11.1]
    Renderer: NVIDIA GeForce GTX 1050 Ti (ID=0x1c82)
    Vendor:   
    VRAM:     4018 MB
    Driver:   24.21.13.9836
Initialize mono
Mono path[0] = 'C:/Program Files/Unity/Hub/Editor/2020.3.30f1c1/Editor/Data/Managed'
Mono path[1] = 'C:/Program Files/Unity/Hub/Editor/2020.3.30f1c1/Editor/Data/MonoBleedingEdge/lib/mono/unityjit'
Mono config path = 'C:/Program Files/Unity/Hub/Editor/2020.3.30f1c1/Editor/Data/MonoBleedingEdge/etc'
Using monoOptions --debugger-agent=transport=dt_socket,embedding=1,server=y,suspend=n,address=127.0.0.1:56208
Begin MonoManager ReloadAssembly
Registering precompiled unity dll's ...
Register platform support module: C:/Program Files/Unity/Hub/Editor/2020.3.30f1c1/Editor/Data/PlaybackEngines/WindowsStandaloneSupport/UnityEditor.WindowsStandalone.Extensions.dll
Registered in 0.000782 seconds.
Native extension for WindowsStandalone target not found
Refreshing native plugins compatible for Editor in 32.65 ms, found 2 plugins.
Preloading 0 native plugins for Editor in 0.00 ms.
Mono: successfully reloaded assembly
- Completed reload, in  0.616 seconds
Domain Reload Profiling:
	ReloadAssembly (617ms)
		BeginReloadAssembly (73ms)
			ExecutionOrderSort (0ms)
			DisableScriptedObjects (0ms)
			BackupInstance (0ms)
			ReleaseScriptingObjects (0ms)
			CreateAndSetChildDomain (1ms)
		EndReloadAssembly (472ms)
			LoadAssemblies (71ms)
			RebuildTransferFunctionScriptingTraits (0ms)
			SetupTypeCache (162ms)
			ReleaseScriptCaches (0ms)
			RebuildScriptCaches (39ms)
			SetupLoadedEditorAssemblies (168ms)
				LogAssemblyErrors (0ms)
				InitializePlatformSupportModulesInManaged (4ms)
				SetLoadedEditorAssemblies (0ms)
				RefreshPlugins (33ms)
				BeforeProcessingInitializeOnLoad (17ms)
				ProcessInitializeOnLoadAttributes (85ms)
				ProcessInitializeOnLoadMethodAttributes (27ms)
				AfterProcessingInitializeOnLoad (0ms)
				EditorAssembliesLoaded (0ms)
			ExecutionOrderSort2 (0ms)
			AwakeInstancesAfterBackupRestoration (0ms)
Platform modules already initialized, skipping
Registering precompiled user dll's ...
Registered in 0.001643 seconds.
Begin MonoManager ReloadAssembly
Native extension for WindowsStandalone target not found
Refreshing native plugins compatible for Editor in 0.30 ms, found 2 plugins.
Preloading 0 native plugins for Editor in 0.00 ms.
Mono: successfully reloaded assembly
- Completed reload, in  1.115 seconds
Domain Reload Profiling:
	ReloadAssembly (1116ms)
		BeginReloadAssembly (154ms)
			ExecutionOrderSort (0ms)
			DisableScriptedObjects (5ms)
			BackupInstance (0ms)
			ReleaseScriptingObjects (0ms)
			CreateAndSetChildDomain (20ms)
		EndReloadAssembly (905ms)
			LoadAssemblies (154ms)
			RebuildTransferFunctionScriptingTraits (0ms)
			SetupTypeCache (286ms)
			ReleaseScriptCaches (0ms)
			RebuildScriptCaches (52ms)
			SetupLoadedEditorAssemblies (316ms)
				LogAssemblyErrors (0ms)
				InitializePlatformSupportModulesInManaged (5ms)
				SetLoadedEditorAssemblies (0ms)
				RefreshPlugins (0ms)
				BeforeProcessingInitializeOnLoad (80ms)
				ProcessInitializeOnLoadAttributes (218ms)
				ProcessInitializeOnLoadMethodAttributes (10ms)
				AfterProcessingInitializeOnLoad (2ms)
				EditorAssembliesLoaded (0ms)
			ExecutionOrderSort2 (0ms)
			AwakeInstancesAfterBackupRestoration (7ms)
Platform modules already initialized, skipping
========================================================================
Worker process is ready to serve import requests
Launched and connected shader compiler UnityShaderCompiler.exe after 0.06 seconds
Refreshing native plugins compatible for Editor in 0.61 ms, found 2 plugins.
Preloading 0 native plugins for Editor in 0.00 ms.
Unloading 1515 Unused Serialized files (Serialized files now loaded: 0)
System memory in use before: 71.1 MB.
System memory in use after: 71.2 MB.

Unloading 16 unused Assets to reduce memory usage. Loaded Objects now: 1954.
Total: 2.705500 ms (FindLiveObjects: 0.162200 ms CreateObjectMapping: 0.040400 ms MarkObjects: 2.421700 ms  DeleteObjects: 0.080200 ms)

AssetImportParameters requested are different than current active one (requested -> active):
  custom:framework-win-MediaFoundation: 216162199b28c13a410421893ffa2e32 -> 
  custom:video-decoder-ogg-theora: a1e56fd34408186e4bbccfd4996cb3dc -> 
  custom:container-muxer-webm: aa71ff27fc2769a1b78a27578f13a17b -> 
  custom:container-demuxer-webm: 4f35f7cbe854078d1ac9338744f61a02 -> 
  custom:container-demuxer-ogg: 62fdf1f143b41e24485cea50d1cbac27 -> 
  custom:video-encoder-webm-vp8: eb34c28f22e8b96e1ab97ce403110664 -> 
  custom:video-decoder-webm-vp8: 9c59270c3fd7afecdb556c50c9e8de78 -> 
  custom:audio-decoder-ogg-vorbis: bf7c407c2cedff20999df2af8eb42d56 -> 
  custom:audio-encoder-webm-vorbis: bf7c407c2cedff20999df2af8eb42d56 -> 
========================================================================
Received Import Request.
  path: Assets/Shader/ShaderStudy/Chapter6/Chapter6-DiffuseVertexLevel 1.shader
  artifactKey: Guid(3435ba5f10ef7584f83e5cb4b1745e94) Importer(815301076,1909f56bfc062723c751e8b465ee728b)
Start importing Assets/Shader/ShaderStudy/Chapter6/Chapter6-DiffuseVertexLevel 1.shader using Guid(3435ba5f10ef7584f83e5cb4b1745e94) Importer(815301076,1909f56bfc062723c751e8b465ee728b)  -> (artifact id: 'fad916720195a7549b2f7632934b82e4') in 0.033900 seconds 
========================================================================
Received Import Request.
  Time since last request: 2.321034 seconds.
  path: Assets/Shader/ShaderStudy/Chapter6/Chapter6-Half.shader
  artifactKey: Guid(3435ba5f10ef7584f83e5cb4b1745e94) Importer(815301076,1909f56bfc062723c751e8b465ee728b)
Start importing Assets/Shader/ShaderStudy/Chapter6/Chapter6-Half.shader using Guid(3435ba5f10ef7584f83e5cb4b1745e94) Importer(815301076,1909f56bfc062723c751e8b465ee728b)  -> (artifact id: '639252196a7cf66b36626293f538708b') in 0.001878 seconds 
========================================================================
Received Import Request.
  Time since last request: 5.803355 seconds.
  path: Assets/Shader/ShaderStudy/Chapter6/Chapter6-HalfLambert.shader
  artifactKey: Guid(3435ba5f10ef7584f83e5cb4b1745e94) Importer(815301076,1909f56bfc062723c751e8b465ee728b)
Start importing Assets/Shader/ShaderStudy/Chapter6/Chapter6-HalfLambert.shader using Guid(3435ba5f10ef7584f83e5cb4b1745e94) Importer(815301076,1909f56bfc062723c751e8b465ee728b)  -> (artifact id: 'b4d14f2d62b451ef5d506a70c3a1472a') in 0.001556 seconds 
========================================================================
Received Import Request.
  Time since last request: 67.128990 seconds.
  path: Assets/Scenes/ShaderStudy/Chapter6/Scene_6_4.unity
  artifactKey: Guid(9720e6d2687224c498d2f563635e234c) Importer(815301076,1909f56bfc062723c751e8b465ee728b)
Start importing Assets/Scenes/ShaderStudy/Chapter6/Scene_6_4.unity using Guid(9720e6d2687224c498d2f563635e234c) Importer(815301076,1909f56bfc062723c751e8b465ee728b)  -> (artifact id: '3560e9a1bd4eae21cf7f8c9cc3e0403f') in 0.002203 seconds 
========================================================================
Received Import Request.
  Time since last request: 953.250189 seconds.
  path: Assets/Scenes/ShaderStudy/Chapter6/Scene_6_4.unity
  artifactKey: Guid(9720e6d2687224c498d2f563635e234c) Importer(815301076,1909f56bfc062723c751e8b465ee728b)
Start importing Assets/Scenes/ShaderStudy/Chapter6/Scene_6_4.unity using Guid(9720e6d2687224c498d2f563635e234c) Importer(815301076,1909f56bfc062723c751e8b465ee728b)  -> (artifact id: '7663a9e3bc5222bd5a072e23a787915e') in 0.002050 seconds 
========================================================================
Received Import Request.
  Time since last request: 0.209523 seconds.
  path: Assets/Scenes/ShaderStudy/Chapter6/Scene_6_4 1.unity
  artifactKey: Guid(ffcf7c420052b0f45a66d5c37856a265) Importer(815301076,1909f56bfc062723c751e8b465ee728b)
Start importing Assets/Scenes/ShaderStudy/Chapter6/Scene_6_4 1.unity using Guid(ffcf7c420052b0f45a66d5c37856a265) Importer(815301076,1909f56bfc062723c751e8b465ee728b)  -> (artifact id: '3d43e3f217a50e445a3e8d8ef9dbbdbe') in 0.001946 seconds 
========================================================================
Received Import Request.
  Time since last request: 4.807263 seconds.
  path: Assets/Scenes/ShaderStudy/Chapter6/Scene_6_5.unity
  artifactKey: Guid(ffcf7c420052b0f45a66d5c37856a265) Importer(815301076,1909f56bfc062723c751e8b465ee728b)
Start importing Assets/Scenes/ShaderStudy/Chapter6/Scene_6_5.unity using Guid(ffcf7c420052b0f45a66d5c37856a265) Importer(815301076,1909f56bfc062723c751e8b465ee728b)  -> (artifact id: 'a87ee78d8299cd1c867a3d4603418432') in 0.001540 seconds 
========================================================================
Received Import Request.
  Time since last request: 0.045892 seconds.
  path: Assets/Scenes/ShaderStudy/Chapter12
  artifactKey: Guid(5ba1a84dce9f0994ea4ab9e1d35c133f) Importer(815301076,1909f56bfc062723c751e8b465ee728b)
Start importing Assets/Scenes/ShaderStudy/Chapter12 using Guid(5ba1a84dce9f0994ea4ab9e1d35c133f) Importer(815301076,1909f56bfc062723c751e8b465ee728b)  -> (artifact id: '217690698a243f7fdddb020cfa615c74') in 0.001762 seconds 
========================================================================
Received Import Request.
  Time since last request: 57.391604 seconds.
  path: Assets/Shader/ShaderStudy/Chapter6/Chapter6-DiffusePixeLevel.shader
  artifactKey: Guid(2e6e2ba2b1776bb4198f7e345cbed129) Importer(815301076,1909f56bfc062723c751e8b465ee728b)
Start importing Assets/Shader/ShaderStudy/Chapter6/Chapter6-DiffusePixeLevel.shader using Guid(2e6e2ba2b1776bb4198f7e345cbed129) Importer(815301076,1909f56bfc062723c751e8b465ee728b)  -> (artifact id: '37c3e1bf7374b2daca6fe0828e6284c4') in 0.002098 seconds 
========================================================================
Received Import Request.
  Time since last request: 1.544222 seconds.
  path: Assets/Shader/ShaderStudy/Chapter6/Chapter6-DiffuseVertexLevel 1.shader
  artifactKey: Guid(8e461051e10983343aa79de4e22dcfaf) Importer(815301076,1909f56bfc062723c751e8b465ee728b)
Start importing Assets/Shader/ShaderStudy/Chapter6/Chapter6-DiffuseVertexLevel 1.shader using Guid(8e461051e10983343aa79de4e22dcfaf) Importer(815301076,1909f56bfc062723c751e8b465ee728b)  -> (artifact id: '5fa15749381ac6edf5f40247f2a31aef') in 0.006193 seconds 
========================================================================
Received Import Request.
  Time since last request: 12.026387 seconds.
  path: Assets/Shader/ShaderStudy/Chapter6/Chapter6-SpecularVertexLevel.shader
  artifactKey: Guid(8e461051e10983343aa79de4e22dcfaf) Importer(815301076,1909f56bfc062723c751e8b465ee728b)
Start importing Assets/Shader/ShaderStudy/Chapter6/Chapter6-SpecularVertexLevel.shader using Guid(8e461051e10983343aa79de4e22dcfaf) Importer(815301076,1909f56bfc062723c751e8b465ee728b)  -> (artifact id: 'b39eef2a2844495191d90a436312ae0f') in 0.002535 seconds 
========================================================================
Received Import Request.
  Time since last request: 724.941057 seconds.
  path: Assets/Shader/ShaderStudy/Chapter6/Chapter6-SpecularVertexLevel.shader
  artifactKey: Guid(8e461051e10983343aa79de4e22dcfaf) Importer(815301076,1909f56bfc062723c751e8b465ee728b)
Start importing Assets/Shader/ShaderStudy/Chapter6/Chapter6-SpecularVertexLevel.shader using Guid(8e461051e10983343aa79de4e22dcfaf) Importer(815301076,1909f56bfc062723c751e8b465ee728b)  -> (artifact id: 'f8e741fdf6e1ac1dec5a2c8fa09c9725') in 0.006216 seconds 
AssetImportWorkerClient::OnTransportError - code=2 error=End of file
